2024-04-29 14:55:14,872:WARNING:
'cuml' is a soft dependency and not included in the pycaret installation. Please run: `pip install cuml` to install.
2024-04-29 14:55:14,872:WARNING:
'cuml' is a soft dependency and not included in the pycaret installation. Please run: `pip install cuml` to install.
2024-04-29 14:55:14,872:WARNING:
'cuml' is a soft dependency and not included in the pycaret installation. Please run: `pip install cuml` to install.
2024-04-29 14:55:14,872:WARNING:
'cuml' is a soft dependency and not included in the pycaret installation. Please run: `pip install cuml` to install.
2024-04-29 14:57:27,627:INFO:PyCaret RegressionExperiment
2024-04-29 14:57:27,627:INFO:Logging name: reg-default-name
2024-04-29 14:57:27,627:INFO:ML Usecase: MLUsecase.REGRESSION
2024-04-29 14:57:27,627:INFO:version 3.3.0
2024-04-29 14:57:27,627:INFO:Initializing setup()
2024-04-29 14:57:27,627:INFO:self.USI: e2f0
2024-04-29 14:57:27,627:INFO:self._variable_keys: {'gpu_param', 'transform_target_param', 'memory', 'idx', 'pipeline', 'n_jobs_param', 'USI', 'fold_shuffle_param', 'data', 'exp_name_log', 'X', 'y_test', '_ml_usecase', 'logging_param', 'target_param', 'log_plots_param', 'fold_generator', 'exp_id', 'X_train', 'X_test', 'seed', 'y', 'fold_groups_param', 'y_train', 'gpu_n_jobs_param', 'html_param', '_available_plots'}
2024-04-29 14:57:27,627:INFO:Checking environment
2024-04-29 14:57:27,627:INFO:python_version: 3.10.11
2024-04-29 14:57:27,627:INFO:python_build: ('tags/v3.10.11:7d4cc5a', 'Apr  5 2023 00:38:17')
2024-04-29 14:57:27,627:INFO:machine: AMD64
2024-04-29 14:57:27,627:INFO:platform: Windows-10-10.0.22631-SP0
2024-04-29 14:57:27,631:INFO:Memory: svmem(total=8358518784, available=339570688, percent=95.9, used=8018948096, free=339570688)
2024-04-29 14:57:27,631:INFO:Physical Core: 4
2024-04-29 14:57:27,631:INFO:Logical Core: 8
2024-04-29 14:57:27,631:INFO:Checking libraries
2024-04-29 14:57:27,631:INFO:System:
2024-04-29 14:57:27,631:INFO:    python: 3.10.11 (tags/v3.10.11:7d4cc5a, Apr  5 2023, 00:38:17) [MSC v.1929 64 bit (AMD64)]
2024-04-29 14:57:27,631:INFO:executable: C:\Users\crist\AppData\Local\Microsoft\WindowsApps\PythonSoftwareFoundation.Python.3.10_qbz5n2kfra8p0\python.exe
2024-04-29 14:57:27,631:INFO:   machine: Windows-10-10.0.22631-SP0
2024-04-29 14:57:27,631:INFO:PyCaret required dependencies:
2024-04-29 14:57:28,025:INFO:                 pip: 23.0.1
2024-04-29 14:57:28,025:INFO:          setuptools: 65.5.0
2024-04-29 14:57:28,025:INFO:             pycaret: 3.3.0
2024-04-29 14:57:28,025:INFO:             IPython: 8.7.0
2024-04-29 14:57:28,025:INFO:          ipywidgets: 8.0.3
2024-04-29 14:57:28,025:INFO:                tqdm: 4.64.1
2024-04-29 14:57:28,025:INFO:               numpy: 1.23.5
2024-04-29 14:57:28,025:INFO:              pandas: 1.5.2
2024-04-29 14:57:28,025:INFO:              jinja2: 3.1.2
2024-04-29 14:57:28,025:INFO:               scipy: 1.10.1
2024-04-29 14:57:28,025:INFO:              joblib: 1.2.0
2024-04-29 14:57:28,025:INFO:             sklearn: 1.4.1.post1
2024-04-29 14:57:28,025:INFO:                pyod: 1.1.3
2024-04-29 14:57:28,025:INFO:            imblearn: 0.12.0
2024-04-29 14:57:28,025:INFO:   category_encoders: 2.6.3
2024-04-29 14:57:28,025:INFO:            lightgbm: 4.3.0
2024-04-29 14:57:28,025:INFO:               numba: 0.59.0
2024-04-29 14:57:28,025:INFO:            requests: 2.28.2
2024-04-29 14:57:28,025:INFO:          matplotlib: 3.7.1
2024-04-29 14:57:28,028:INFO:          scikitplot: 0.3.7
2024-04-29 14:57:28,028:INFO:         yellowbrick: 1.5
2024-04-29 14:57:28,028:INFO:              plotly: 5.14.1
2024-04-29 14:57:28,028:INFO:    plotly-resampler: Not installed
2024-04-29 14:57:28,028:INFO:             kaleido: 0.2.1
2024-04-29 14:57:28,028:INFO:           schemdraw: 0.15
2024-04-29 14:57:28,028:INFO:         statsmodels: 0.14.0
2024-04-29 14:57:28,028:INFO:              sktime: 0.27.0
2024-04-29 14:57:28,028:INFO:               tbats: 1.1.3
2024-04-29 14:57:28,028:INFO:            pmdarima: 2.0.4
2024-04-29 14:57:28,028:INFO:              psutil: 5.9.4
2024-04-29 14:57:28,028:INFO:          markupsafe: 2.1.2
2024-04-29 14:57:28,028:INFO:             pickle5: Not installed
2024-04-29 14:57:28,028:INFO:         cloudpickle: 2.2.1
2024-04-29 14:57:28,028:INFO:         deprecation: 2.1.0
2024-04-29 14:57:28,028:INFO:              xxhash: 3.4.1
2024-04-29 14:57:28,028:INFO:           wurlitzer: Not installed
2024-04-29 14:57:28,028:INFO:PyCaret optional dependencies:
2024-04-29 14:57:30,201:INFO:                shap: Not installed
2024-04-29 14:57:30,201:INFO:           interpret: Not installed
2024-04-29 14:57:30,201:INFO:                umap: Not installed
2024-04-29 14:57:30,201:INFO:     ydata_profiling: Not installed
2024-04-29 14:57:30,201:INFO:  explainerdashboard: Not installed
2024-04-29 14:57:30,201:INFO:             autoviz: Not installed
2024-04-29 14:57:30,201:INFO:           fairlearn: Not installed
2024-04-29 14:57:30,201:INFO:          deepchecks: Not installed
2024-04-29 14:57:30,201:INFO:             xgboost: 1.7.5
2024-04-29 14:57:30,201:INFO:            catboost: Not installed
2024-04-29 14:57:30,201:INFO:              kmodes: Not installed
2024-04-29 14:57:30,201:INFO:             mlxtend: Not installed
2024-04-29 14:57:30,201:INFO:       statsforecast: Not installed
2024-04-29 14:57:30,201:INFO:        tune_sklearn: Not installed
2024-04-29 14:57:30,201:INFO:                 ray: Not installed
2024-04-29 14:57:30,201:INFO:            hyperopt: Not installed
2024-04-29 14:57:30,201:INFO:              optuna: Not installed
2024-04-29 14:57:30,201:INFO:               skopt: Not installed
2024-04-29 14:57:30,201:INFO:              mlflow: 2.4.1
2024-04-29 14:57:30,201:INFO:              gradio: Not installed
2024-04-29 14:57:30,201:INFO:             fastapi: 0.95.0
2024-04-29 14:57:30,201:INFO:             uvicorn: 0.21.1
2024-04-29 14:57:30,201:INFO:              m2cgen: Not installed
2024-04-29 14:57:30,201:INFO:           evidently: Not installed
2024-04-29 14:57:30,201:INFO:               fugue: Not installed
2024-04-29 14:57:30,201:INFO:           streamlit: 1.22.0
2024-04-29 14:57:30,201:INFO:             prophet: Not installed
2024-04-29 14:57:30,201:INFO:None
2024-04-29 14:57:30,201:INFO:Set up data.
2024-04-29 14:57:30,211:INFO:Set up folding strategy.
2024-04-29 14:57:30,211:INFO:Set up train/test split.
2024-04-29 14:57:30,211:INFO:Set up index.
2024-04-29 14:57:30,211:INFO:Assigning column types.
2024-04-29 14:57:30,221:INFO:Engine successfully changes for model 'lr' to 'sklearn'.
2024-04-29 14:57:30,221:INFO:Engine for model 'lasso' has not been set explicitly, hence returning None.
2024-04-29 14:57:30,224:INFO:Engine for model 'ridge' has not been set explicitly, hence returning None.
2024-04-29 14:57:30,231:INFO:Engine for model 'en' has not been set explicitly, hence returning None.
2024-04-29 14:57:30,341:INFO:Engine for model 'svm' has not been set explicitly, hence returning None.
2024-04-29 14:57:30,393:INFO:Engine for model 'knn' has not been set explicitly, hence returning None.
2024-04-29 14:57:30,393:INFO:Soft dependency imported: xgboost: 1.7.5
2024-04-29 14:57:30,653:WARNING:
'catboost' is a soft dependency and not included in the pycaret installation. Please run: `pip install catboost` to install.
Alternately, you can install this by running `pip install pycaret[models]`
2024-04-29 14:57:30,655:INFO:Engine for model 'lasso' has not been set explicitly, hence returning None.
2024-04-29 14:57:30,661:INFO:Engine for model 'ridge' has not been set explicitly, hence returning None.
2024-04-29 14:57:30,661:INFO:Engine for model 'en' has not been set explicitly, hence returning None.
2024-04-29 14:57:30,731:INFO:Engine for model 'svm' has not been set explicitly, hence returning None.
2024-04-29 14:57:30,782:INFO:Engine for model 'knn' has not been set explicitly, hence returning None.
2024-04-29 14:57:30,782:INFO:Soft dependency imported: xgboost: 1.7.5
2024-04-29 14:57:30,782:WARNING:
'catboost' is a soft dependency and not included in the pycaret installation. Please run: `pip install catboost` to install.
Alternately, you can install this by running `pip install pycaret[models]`
2024-04-29 14:57:30,790:INFO:Engine successfully changes for model 'lasso' to 'sklearn'.
2024-04-29 14:57:30,795:INFO:Engine for model 'ridge' has not been set explicitly, hence returning None.
2024-04-29 14:57:30,801:INFO:Engine for model 'en' has not been set explicitly, hence returning None.
2024-04-29 14:57:30,861:INFO:Engine for model 'svm' has not been set explicitly, hence returning None.
2024-04-29 14:57:30,931:INFO:Engine for model 'knn' has not been set explicitly, hence returning None.
2024-04-29 14:57:30,931:INFO:Soft dependency imported: xgboost: 1.7.5
2024-04-29 14:57:30,933:WARNING:
'catboost' is a soft dependency and not included in the pycaret installation. Please run: `pip install catboost` to install.
Alternately, you can install this by running `pip install pycaret[models]`
2024-04-29 14:57:30,941:INFO:Engine for model 'ridge' has not been set explicitly, hence returning None.
2024-04-29 14:57:30,941:INFO:Engine for model 'en' has not been set explicitly, hence returning None.
2024-04-29 14:57:31,023:INFO:Engine for model 'svm' has not been set explicitly, hence returning None.
2024-04-29 14:57:31,091:INFO:Engine for model 'knn' has not been set explicitly, hence returning None.
2024-04-29 14:57:31,091:INFO:Soft dependency imported: xgboost: 1.7.5
2024-04-29 14:57:31,098:WARNING:
'catboost' is a soft dependency and not included in the pycaret installation. Please run: `pip install catboost` to install.
Alternately, you can install this by running `pip install pycaret[models]`
2024-04-29 14:57:31,098:INFO:Engine successfully changes for model 'ridge' to 'sklearn'.
2024-04-29 14:57:31,109:INFO:Engine for model 'en' has not been set explicitly, hence returning None.
2024-04-29 14:57:31,172:INFO:Engine for model 'svm' has not been set explicitly, hence returning None.
2024-04-29 14:57:31,222:INFO:Engine for model 'knn' has not been set explicitly, hence returning None.
2024-04-29 14:57:31,222:INFO:Soft dependency imported: xgboost: 1.7.5
2024-04-29 14:57:31,231:WARNING:
'catboost' is a soft dependency and not included in the pycaret installation. Please run: `pip install catboost` to install.
Alternately, you can install this by running `pip install pycaret[models]`
2024-04-29 14:57:31,241:INFO:Engine for model 'en' has not been set explicitly, hence returning None.
2024-04-29 14:57:31,311:INFO:Engine for model 'svm' has not been set explicitly, hence returning None.
2024-04-29 14:57:31,363:INFO:Engine for model 'knn' has not been set explicitly, hence returning None.
2024-04-29 14:57:31,363:INFO:Soft dependency imported: xgboost: 1.7.5
2024-04-29 14:57:31,363:WARNING:
'catboost' is a soft dependency and not included in the pycaret installation. Please run: `pip install catboost` to install.
Alternately, you can install this by running `pip install pycaret[models]`
2024-04-29 14:57:31,363:INFO:Engine successfully changes for model 'en' to 'sklearn'.
2024-04-29 14:57:31,438:INFO:Engine for model 'svm' has not been set explicitly, hence returning None.
2024-04-29 14:57:31,486:INFO:Engine for model 'knn' has not been set explicitly, hence returning None.
2024-04-29 14:57:31,488:INFO:Soft dependency imported: xgboost: 1.7.5
2024-04-29 14:57:31,491:WARNING:
'catboost' is a soft dependency and not included in the pycaret installation. Please run: `pip install catboost` to install.
Alternately, you can install this by running `pip install pycaret[models]`
2024-04-29 14:57:31,561:INFO:Engine for model 'svm' has not been set explicitly, hence returning None.
2024-04-29 14:57:31,611:INFO:Engine for model 'knn' has not been set explicitly, hence returning None.
2024-04-29 14:57:31,611:INFO:Soft dependency imported: xgboost: 1.7.5
2024-04-29 14:57:31,611:WARNING:
'catboost' is a soft dependency and not included in the pycaret installation. Please run: `pip install catboost` to install.
Alternately, you can install this by running `pip install pycaret[models]`
2024-04-29 14:57:31,611:INFO:Engine successfully changes for model 'knn' to 'sklearn'.
2024-04-29 14:57:31,676:INFO:Engine for model 'svm' has not been set explicitly, hence returning None.
2024-04-29 14:57:31,724:INFO:Soft dependency imported: xgboost: 1.7.5
2024-04-29 14:57:31,728:WARNING:
'catboost' is a soft dependency and not included in the pycaret installation. Please run: `pip install catboost` to install.
Alternately, you can install this by running `pip install pycaret[models]`
2024-04-29 14:57:31,805:INFO:Engine for model 'svm' has not been set explicitly, hence returning None.
2024-04-29 14:57:31,854:INFO:Soft dependency imported: xgboost: 1.7.5
2024-04-29 14:57:31,856:WARNING:
'catboost' is a soft dependency and not included in the pycaret installation. Please run: `pip install catboost` to install.
Alternately, you can install this by running `pip install pycaret[models]`
2024-04-29 14:57:31,856:INFO:Engine successfully changes for model 'svm' to 'sklearn'.
2024-04-29 14:57:32,001:INFO:Soft dependency imported: xgboost: 1.7.5
2024-04-29 14:57:32,005:WARNING:
'catboost' is a soft dependency and not included in the pycaret installation. Please run: `pip install catboost` to install.
Alternately, you can install this by running `pip install pycaret[models]`
2024-04-29 14:57:32,137:INFO:Soft dependency imported: xgboost: 1.7.5
2024-04-29 14:57:32,142:WARNING:
'catboost' is a soft dependency and not included in the pycaret installation. Please run: `pip install catboost` to install.
Alternately, you can install this by running `pip install pycaret[models]`
2024-04-29 14:57:32,146:INFO:Preparing preprocessing pipeline...
2024-04-29 14:57:32,146:INFO:Set up simple imputation.
2024-04-29 14:57:32,154:INFO:Set up encoding of categorical features.
2024-04-29 14:57:32,155:INFO:Set up column name cleaning.
2024-04-29 14:57:32,222:INFO:Finished creating preprocessing pipeline.
2024-04-29 14:57:32,246:INFO:Pipeline: Pipeline(memory=FastMemory(location=C:\Users\crist\AppData\Local\Temp\joblib),
         steps=[('numerical_imputer',
                 TransformerWrapper(include=['Index', 'comprimento_Total',
                                             'comprimento_Padrao', 'altura',
                                             'espessura'],
                                    transformer=SimpleImputer())),
                ('categorical_imputer',
                 TransformerWrapper(include=['comprimento_Cabeça'],
                                    transformer=SimpleImputer(strategy='most_frequent'))),
                ('rest_encoding',
                 TransformerWrapper(include=['comprimento_Cabeça'],
                                    transformer=TargetEncoder(cols=['comprimento_Cabeça'],
                                                              handle_missing='return_nan'))),
                ('clean_column_names',
                 TransformerWrapper(transformer=CleanColumnNames()))])
2024-04-29 14:57:32,246:INFO:Creating final display dataframe.
2024-04-29 14:57:32,415:INFO:Setup _display_container:                     Description             Value
0                    Session id              3765
1                        Target              peso
2                   Target type        Regression
3           Original data shape          (360, 7)
4        Transformed data shape          (360, 7)
5   Transformed train set shape          (251, 7)
6    Transformed test set shape          (109, 7)
7              Numeric features                 5
8          Categorical features                 1
9                    Preprocess              True
10              Imputation type            simple
11           Numeric imputation              mean
12       Categorical imputation              mode
13     Maximum one-hot encoding                25
14              Encoding method              None
15               Fold Generator             KFold
16                  Fold Number                10
17                     CPU Jobs                -1
18                      Use GPU             False
19               Log Experiment             False
20              Experiment Name  reg-default-name
21                          USI              e2f0
2024-04-29 14:57:32,596:INFO:Soft dependency imported: xgboost: 1.7.5
2024-04-29 14:57:32,596:WARNING:
'catboost' is a soft dependency and not included in the pycaret installation. Please run: `pip install catboost` to install.
Alternately, you can install this by running `pip install pycaret[models]`
2024-04-29 14:57:32,731:INFO:Soft dependency imported: xgboost: 1.7.5
2024-04-29 14:57:32,737:WARNING:
'catboost' is a soft dependency and not included in the pycaret installation. Please run: `pip install catboost` to install.
Alternately, you can install this by running `pip install pycaret[models]`
2024-04-29 14:57:32,758:WARNING:C:\Users\crist\AppData\Local\Packages\PythonSoftwareFoundation.Python.3.10_qbz5n2kfra8p0\LocalCache\local-packages\Python310\site-packages\pycaret\internal\metrics.py:51: FutureWarning: The `needs_threshold` and `needs_proba` parameter are deprecated in version 1.4 and will be removed in 1.6. You can either let `response_method` be `None` or set it to `predict` to preserve the same behaviour.
  warnings.warn(

2024-04-29 14:57:32,758:INFO:setup() successfully completed in 5.15s...............
2024-04-29 14:57:32,761:INFO:Initializing compare_models()
2024-04-29 14:57:32,761:INFO:compare_models(self=<pycaret.regression.oop.RegressionExperiment object at 0x00000204260F6710>, include=None, fold=None, round=4, cross_validation=True, sort=R2, n_select=1, budget_time=None, turbo=True, errors=ignore, fit_kwargs=None, groups=None, experiment_custom_tags=None, probability_threshold=None, verbose=True, parallel=None, caller_params={'self': <pycaret.regression.oop.RegressionExperiment object at 0x00000204260F6710>, 'include': None, 'exclude': None, 'fold': None, 'round': 4, 'cross_validation': True, 'sort': 'R2', 'n_select': 1, 'budget_time': None, 'turbo': True, 'errors': 'ignore', 'fit_kwargs': None, 'groups': None, 'experiment_custom_tags': None, 'engine': None, 'verbose': True, 'parallel': None, '__class__': <class 'pycaret.regression.oop.RegressionExperiment'>}, exclude=None)
2024-04-29 14:57:32,761:INFO:Checking exceptions
2024-04-29 14:57:32,761:INFO:Preparing display monitor
2024-04-29 14:57:32,821:INFO:Initializing Linear Regression
2024-04-29 14:57:32,821:INFO:Total runtime is 0.0 minutes
2024-04-29 14:57:32,831:INFO:SubProcess create_model() called ==================================
2024-04-29 14:57:32,831:INFO:Initializing create_model()
2024-04-29 14:57:32,831:INFO:create_model(self=<pycaret.regression.oop.RegressionExperiment object at 0x00000204260F6710>, estimator=lr, fold=KFold(n_splits=10, random_state=None, shuffle=False), round=4, cross_validation=True, predict=True, fit_kwargs={}, groups=None, refit=False, probability_threshold=None, experiment_custom_tags=None, verbose=False, system=False, add_to_model_list=True, metrics=None, display=<pycaret.internal.display.display.CommonDisplay object at 0x0000020426A4D990>, model_only=True, return_train_score=False, error_score=0.0, kwargs={})
2024-04-29 14:57:32,831:INFO:Checking exceptions
2024-04-29 14:57:32,831:INFO:Importing libraries
2024-04-29 14:57:32,831:INFO:Copying training dataset
2024-04-29 14:57:32,837:INFO:Defining folds
2024-04-29 14:57:32,837:INFO:Declaring metric variables
2024-04-29 14:57:32,844:INFO:Importing untrained model
2024-04-29 14:57:32,852:INFO:Linear Regression Imported successfully
2024-04-29 14:57:32,874:INFO:Starting cross validation
2024-04-29 14:57:32,923:INFO:Cross validating with KFold(n_splits=10, random_state=None, shuffle=False), n_jobs=-1
2024-04-29 14:57:39,568:INFO:Calculating mean and std
2024-04-29 14:57:39,568:INFO:Creating metrics dataframe
2024-04-29 14:57:39,568:INFO:Uploading results into container
2024-04-29 14:57:39,568:INFO:Uploading model into container now
2024-04-29 14:57:39,568:INFO:_master_model_container: 1
2024-04-29 14:57:39,568:INFO:_display_container: 2
2024-04-29 14:57:39,568:INFO:LinearRegression(n_jobs=-1)
2024-04-29 14:57:39,568:INFO:create_model() successfully completed......................................
2024-04-29 14:57:39,764:INFO:SubProcess create_model() end ==================================
2024-04-29 14:57:39,764:INFO:Creating metrics dataframe
2024-04-29 14:57:39,779:INFO:Initializing Lasso Regression
2024-04-29 14:57:39,779:INFO:Total runtime is 0.11596446832021078 minutes
2024-04-29 14:57:39,779:INFO:SubProcess create_model() called ==================================
2024-04-29 14:57:39,779:INFO:Initializing create_model()
2024-04-29 14:57:39,779:INFO:create_model(self=<pycaret.regression.oop.RegressionExperiment object at 0x00000204260F6710>, estimator=lasso, fold=KFold(n_splits=10, random_state=None, shuffle=False), round=4, cross_validation=True, predict=True, fit_kwargs={}, groups=None, refit=False, probability_threshold=None, experiment_custom_tags=None, verbose=False, system=False, add_to_model_list=True, metrics=None, display=<pycaret.internal.display.display.CommonDisplay object at 0x0000020426A4D990>, model_only=True, return_train_score=False, error_score=0.0, kwargs={})
2024-04-29 14:57:39,779:INFO:Checking exceptions
2024-04-29 14:57:39,779:INFO:Importing libraries
2024-04-29 14:57:39,779:INFO:Copying training dataset
2024-04-29 14:57:39,779:INFO:Defining folds
2024-04-29 14:57:39,779:INFO:Declaring metric variables
2024-04-29 14:57:39,797:INFO:Importing untrained model
2024-04-29 14:57:39,804:INFO:Lasso Regression Imported successfully
2024-04-29 14:57:39,814:INFO:Starting cross validation
2024-04-29 14:57:39,814:INFO:Cross validating with KFold(n_splits=10, random_state=None, shuffle=False), n_jobs=-1
2024-04-29 14:57:40,016:INFO:Calculating mean and std
2024-04-29 14:57:40,016:INFO:Creating metrics dataframe
2024-04-29 14:57:40,016:INFO:Uploading results into container
2024-04-29 14:57:40,032:INFO:Uploading model into container now
2024-04-29 14:57:40,032:INFO:_master_model_container: 2
2024-04-29 14:57:40,032:INFO:_display_container: 2
2024-04-29 14:57:40,032:INFO:Lasso(random_state=3765)
2024-04-29 14:57:40,032:INFO:create_model() successfully completed......................................
2024-04-29 14:57:40,183:INFO:SubProcess create_model() end ==================================
2024-04-29 14:57:40,183:INFO:Creating metrics dataframe
2024-04-29 14:57:40,199:INFO:Initializing Ridge Regression
2024-04-29 14:57:40,199:INFO:Total runtime is 0.12295795281728109 minutes
2024-04-29 14:57:40,199:INFO:SubProcess create_model() called ==================================
2024-04-29 14:57:40,199:INFO:Initializing create_model()
2024-04-29 14:57:40,199:INFO:create_model(self=<pycaret.regression.oop.RegressionExperiment object at 0x00000204260F6710>, estimator=ridge, fold=KFold(n_splits=10, random_state=None, shuffle=False), round=4, cross_validation=True, predict=True, fit_kwargs={}, groups=None, refit=False, probability_threshold=None, experiment_custom_tags=None, verbose=False, system=False, add_to_model_list=True, metrics=None, display=<pycaret.internal.display.display.CommonDisplay object at 0x0000020426A4D990>, model_only=True, return_train_score=False, error_score=0.0, kwargs={})
2024-04-29 14:57:40,199:INFO:Checking exceptions
2024-04-29 14:57:40,199:INFO:Importing libraries
2024-04-29 14:57:40,199:INFO:Copying training dataset
2024-04-29 14:57:40,224:INFO:Defining folds
2024-04-29 14:57:40,224:INFO:Declaring metric variables
2024-04-29 14:57:40,230:INFO:Importing untrained model
2024-04-29 14:57:40,239:INFO:Ridge Regression Imported successfully
2024-04-29 14:57:40,246:INFO:Starting cross validation
2024-04-29 14:57:40,250:INFO:Cross validating with KFold(n_splits=10, random_state=None, shuffle=False), n_jobs=-1
2024-04-29 14:57:40,428:INFO:Calculating mean and std
2024-04-29 14:57:40,428:INFO:Creating metrics dataframe
2024-04-29 14:57:40,428:INFO:Uploading results into container
2024-04-29 14:57:40,428:INFO:Uploading model into container now
2024-04-29 14:57:40,428:INFO:_master_model_container: 3
2024-04-29 14:57:40,428:INFO:_display_container: 2
2024-04-29 14:57:40,443:INFO:Ridge(random_state=3765)
2024-04-29 14:57:40,443:INFO:create_model() successfully completed......................................
2024-04-29 14:57:40,595:INFO:SubProcess create_model() end ==================================
2024-04-29 14:57:40,595:INFO:Creating metrics dataframe
2024-04-29 14:57:40,595:INFO:Initializing Elastic Net
2024-04-29 14:57:40,595:INFO:Total runtime is 0.12955604394276937 minutes
2024-04-29 14:57:40,595:INFO:SubProcess create_model() called ==================================
2024-04-29 14:57:40,595:INFO:Initializing create_model()
2024-04-29 14:57:40,595:INFO:create_model(self=<pycaret.regression.oop.RegressionExperiment object at 0x00000204260F6710>, estimator=en, fold=KFold(n_splits=10, random_state=None, shuffle=False), round=4, cross_validation=True, predict=True, fit_kwargs={}, groups=None, refit=False, probability_threshold=None, experiment_custom_tags=None, verbose=False, system=False, add_to_model_list=True, metrics=None, display=<pycaret.internal.display.display.CommonDisplay object at 0x0000020426A4D990>, model_only=True, return_train_score=False, error_score=0.0, kwargs={})
2024-04-29 14:57:40,595:INFO:Checking exceptions
2024-04-29 14:57:40,595:INFO:Importing libraries
2024-04-29 14:57:40,595:INFO:Copying training dataset
2024-04-29 14:57:40,611:INFO:Defining folds
2024-04-29 14:57:40,611:INFO:Declaring metric variables
2024-04-29 14:57:40,611:INFO:Importing untrained model
2024-04-29 14:57:40,623:INFO:Elastic Net Imported successfully
2024-04-29 14:57:40,637:INFO:Starting cross validation
2024-04-29 14:57:40,639:INFO:Cross validating with KFold(n_splits=10, random_state=None, shuffle=False), n_jobs=-1
2024-04-29 14:57:40,830:INFO:Calculating mean and std
2024-04-29 14:57:40,830:INFO:Creating metrics dataframe
2024-04-29 14:57:40,838:INFO:Uploading results into container
2024-04-29 14:57:40,838:INFO:Uploading model into container now
2024-04-29 14:57:40,838:INFO:_master_model_container: 4
2024-04-29 14:57:40,838:INFO:_display_container: 2
2024-04-29 14:57:40,838:INFO:ElasticNet(random_state=3765)
2024-04-29 14:57:40,838:INFO:create_model() successfully completed......................................
2024-04-29 14:57:41,014:INFO:SubProcess create_model() end ==================================
2024-04-29 14:57:41,014:INFO:Creating metrics dataframe
2024-04-29 14:57:41,014:INFO:Initializing Least Angle Regression
2024-04-29 14:57:41,014:INFO:Total runtime is 0.13653595447540284 minutes
2024-04-29 14:57:41,030:INFO:SubProcess create_model() called ==================================
2024-04-29 14:57:41,035:INFO:Initializing create_model()
2024-04-29 14:57:41,035:INFO:create_model(self=<pycaret.regression.oop.RegressionExperiment object at 0x00000204260F6710>, estimator=lar, fold=KFold(n_splits=10, random_state=None, shuffle=False), round=4, cross_validation=True, predict=True, fit_kwargs={}, groups=None, refit=False, probability_threshold=None, experiment_custom_tags=None, verbose=False, system=False, add_to_model_list=True, metrics=None, display=<pycaret.internal.display.display.CommonDisplay object at 0x0000020426A4D990>, model_only=True, return_train_score=False, error_score=0.0, kwargs={})
2024-04-29 14:57:41,036:INFO:Checking exceptions
2024-04-29 14:57:41,036:INFO:Importing libraries
2024-04-29 14:57:41,036:INFO:Copying training dataset
2024-04-29 14:57:41,038:INFO:Defining folds
2024-04-29 14:57:41,038:INFO:Declaring metric variables
2024-04-29 14:57:41,053:INFO:Importing untrained model
2024-04-29 14:57:41,057:INFO:Least Angle Regression Imported successfully
2024-04-29 14:57:41,072:INFO:Starting cross validation
2024-04-29 14:57:41,072:INFO:Cross validating with KFold(n_splits=10, random_state=None, shuffle=False), n_jobs=-1
2024-04-29 14:57:41,273:INFO:Calculating mean and std
2024-04-29 14:57:41,273:INFO:Creating metrics dataframe
2024-04-29 14:57:41,283:INFO:Uploading results into container
2024-04-29 14:57:41,283:INFO:Uploading model into container now
2024-04-29 14:57:41,283:INFO:_master_model_container: 5
2024-04-29 14:57:41,283:INFO:_display_container: 2
2024-04-29 14:57:41,283:INFO:Lars(random_state=3765)
2024-04-29 14:57:41,288:INFO:create_model() successfully completed......................................
2024-04-29 14:57:41,443:INFO:SubProcess create_model() end ==================================
2024-04-29 14:57:41,443:INFO:Creating metrics dataframe
2024-04-29 14:57:41,443:INFO:Initializing Lasso Least Angle Regression
2024-04-29 14:57:41,443:INFO:Total runtime is 0.14368683497111004 minutes
2024-04-29 14:57:41,461:INFO:SubProcess create_model() called ==================================
2024-04-29 14:57:41,461:INFO:Initializing create_model()
2024-04-29 14:57:41,461:INFO:create_model(self=<pycaret.regression.oop.RegressionExperiment object at 0x00000204260F6710>, estimator=llar, fold=KFold(n_splits=10, random_state=None, shuffle=False), round=4, cross_validation=True, predict=True, fit_kwargs={}, groups=None, refit=False, probability_threshold=None, experiment_custom_tags=None, verbose=False, system=False, add_to_model_list=True, metrics=None, display=<pycaret.internal.display.display.CommonDisplay object at 0x0000020426A4D990>, model_only=True, return_train_score=False, error_score=0.0, kwargs={})
2024-04-29 14:57:41,461:INFO:Checking exceptions
2024-04-29 14:57:41,461:INFO:Importing libraries
2024-04-29 14:57:41,461:INFO:Copying training dataset
2024-04-29 14:57:41,461:INFO:Defining folds
2024-04-29 14:57:41,461:INFO:Declaring metric variables
2024-04-29 14:57:41,472:INFO:Importing untrained model
2024-04-29 14:57:41,491:INFO:Lasso Least Angle Regression Imported successfully
2024-04-29 14:57:41,517:INFO:Starting cross validation
2024-04-29 14:57:41,517:INFO:Cross validating with KFold(n_splits=10, random_state=None, shuffle=False), n_jobs=-1
2024-04-29 14:57:41,711:INFO:Calculating mean and std
2024-04-29 14:57:41,719:INFO:Creating metrics dataframe
2024-04-29 14:57:41,724:INFO:Uploading results into container
2024-04-29 14:57:41,724:INFO:Uploading model into container now
2024-04-29 14:57:41,724:INFO:_master_model_container: 6
2024-04-29 14:57:41,724:INFO:_display_container: 2
2024-04-29 14:57:41,724:INFO:LassoLars(random_state=3765)
2024-04-29 14:57:41,724:INFO:create_model() successfully completed......................................
2024-04-29 14:57:41,879:INFO:SubProcess create_model() end ==================================
2024-04-29 14:57:41,879:INFO:Creating metrics dataframe
2024-04-29 14:57:41,889:INFO:Initializing Orthogonal Matching Pursuit
2024-04-29 14:57:41,889:INFO:Total runtime is 0.15112701257069908 minutes
2024-04-29 14:57:41,889:INFO:SubProcess create_model() called ==================================
2024-04-29 14:57:41,889:INFO:Initializing create_model()
2024-04-29 14:57:41,889:INFO:create_model(self=<pycaret.regression.oop.RegressionExperiment object at 0x00000204260F6710>, estimator=omp, fold=KFold(n_splits=10, random_state=None, shuffle=False), round=4, cross_validation=True, predict=True, fit_kwargs={}, groups=None, refit=False, probability_threshold=None, experiment_custom_tags=None, verbose=False, system=False, add_to_model_list=True, metrics=None, display=<pycaret.internal.display.display.CommonDisplay object at 0x0000020426A4D990>, model_only=True, return_train_score=False, error_score=0.0, kwargs={})
2024-04-29 14:57:41,889:INFO:Checking exceptions
2024-04-29 14:57:41,889:INFO:Importing libraries
2024-04-29 14:57:41,889:INFO:Copying training dataset
2024-04-29 14:57:41,889:INFO:Defining folds
2024-04-29 14:57:41,889:INFO:Declaring metric variables
2024-04-29 14:57:41,905:INFO:Importing untrained model
2024-04-29 14:57:41,914:INFO:Orthogonal Matching Pursuit Imported successfully
2024-04-29 14:57:41,914:INFO:Starting cross validation
2024-04-29 14:57:41,914:INFO:Cross validating with KFold(n_splits=10, random_state=None, shuffle=False), n_jobs=-1
2024-04-29 14:57:42,111:INFO:Calculating mean and std
2024-04-29 14:57:42,111:INFO:Creating metrics dataframe
2024-04-29 14:57:42,122:INFO:Uploading results into container
2024-04-29 14:57:42,122:INFO:Uploading model into container now
2024-04-29 14:57:42,122:INFO:_master_model_container: 7
2024-04-29 14:57:42,122:INFO:_display_container: 2
2024-04-29 14:57:42,126:INFO:OrthogonalMatchingPursuit()
2024-04-29 14:57:42,126:INFO:create_model() successfully completed......................................
2024-04-29 14:57:42,278:INFO:SubProcess create_model() end ==================================
2024-04-29 14:57:42,278:INFO:Creating metrics dataframe
2024-04-29 14:57:42,278:INFO:Initializing Bayesian Ridge
2024-04-29 14:57:42,278:INFO:Total runtime is 0.1576069474220276 minutes
2024-04-29 14:57:42,294:INFO:SubProcess create_model() called ==================================
2024-04-29 14:57:42,294:INFO:Initializing create_model()
2024-04-29 14:57:42,294:INFO:create_model(self=<pycaret.regression.oop.RegressionExperiment object at 0x00000204260F6710>, estimator=br, fold=KFold(n_splits=10, random_state=None, shuffle=False), round=4, cross_validation=True, predict=True, fit_kwargs={}, groups=None, refit=False, probability_threshold=None, experiment_custom_tags=None, verbose=False, system=False, add_to_model_list=True, metrics=None, display=<pycaret.internal.display.display.CommonDisplay object at 0x0000020426A4D990>, model_only=True, return_train_score=False, error_score=0.0, kwargs={})
2024-04-29 14:57:42,294:INFO:Checking exceptions
2024-04-29 14:57:42,294:INFO:Importing libraries
2024-04-29 14:57:42,294:INFO:Copying training dataset
2024-04-29 14:57:42,294:INFO:Defining folds
2024-04-29 14:57:42,294:INFO:Declaring metric variables
2024-04-29 14:57:42,306:INFO:Importing untrained model
2024-04-29 14:57:42,311:INFO:Bayesian Ridge Imported successfully
2024-04-29 14:57:42,323:INFO:Starting cross validation
2024-04-29 14:57:42,325:INFO:Cross validating with KFold(n_splits=10, random_state=None, shuffle=False), n_jobs=-1
2024-04-29 14:57:42,515:INFO:Calculating mean and std
2024-04-29 14:57:42,527:INFO:Creating metrics dataframe
2024-04-29 14:57:42,527:INFO:Uploading results into container
2024-04-29 14:57:42,527:INFO:Uploading model into container now
2024-04-29 14:57:42,527:INFO:_master_model_container: 8
2024-04-29 14:57:42,527:INFO:_display_container: 2
2024-04-29 14:57:42,534:INFO:BayesianRidge()
2024-04-29 14:57:42,534:INFO:create_model() successfully completed......................................
2024-04-29 14:57:42,684:INFO:SubProcess create_model() end ==================================
2024-04-29 14:57:42,684:INFO:Creating metrics dataframe
2024-04-29 14:57:42,694:INFO:Initializing Passive Aggressive Regressor
2024-04-29 14:57:42,694:INFO:Total runtime is 0.16453805367151897 minutes
2024-04-29 14:57:42,694:INFO:SubProcess create_model() called ==================================
2024-04-29 14:57:42,694:INFO:Initializing create_model()
2024-04-29 14:57:42,694:INFO:create_model(self=<pycaret.regression.oop.RegressionExperiment object at 0x00000204260F6710>, estimator=par, fold=KFold(n_splits=10, random_state=None, shuffle=False), round=4, cross_validation=True, predict=True, fit_kwargs={}, groups=None, refit=False, probability_threshold=None, experiment_custom_tags=None, verbose=False, system=False, add_to_model_list=True, metrics=None, display=<pycaret.internal.display.display.CommonDisplay object at 0x0000020426A4D990>, model_only=True, return_train_score=False, error_score=0.0, kwargs={})
2024-04-29 14:57:42,694:INFO:Checking exceptions
2024-04-29 14:57:42,694:INFO:Importing libraries
2024-04-29 14:57:42,694:INFO:Copying training dataset
2024-04-29 14:57:42,711:INFO:Defining folds
2024-04-29 14:57:42,711:INFO:Declaring metric variables
2024-04-29 14:57:42,720:INFO:Importing untrained model
2024-04-29 14:57:42,725:INFO:Passive Aggressive Regressor Imported successfully
2024-04-29 14:57:42,737:INFO:Starting cross validation
2024-04-29 14:57:42,738:INFO:Cross validating with KFold(n_splits=10, random_state=None, shuffle=False), n_jobs=-1
2024-04-29 14:57:42,931:INFO:Calculating mean and std
2024-04-29 14:57:42,931:INFO:Creating metrics dataframe
2024-04-29 14:57:42,931:INFO:Uploading results into container
2024-04-29 14:57:42,931:INFO:Uploading model into container now
2024-04-29 14:57:42,931:INFO:_master_model_container: 9
2024-04-29 14:57:42,931:INFO:_display_container: 2
2024-04-29 14:57:42,947:INFO:PassiveAggressiveRegressor(random_state=3765)
2024-04-29 14:57:42,947:INFO:create_model() successfully completed......................................
2024-04-29 14:57:43,114:INFO:SubProcess create_model() end ==================================
2024-04-29 14:57:43,114:INFO:Creating metrics dataframe
2024-04-29 14:57:43,127:INFO:Initializing Huber Regressor
2024-04-29 14:57:43,127:INFO:Total runtime is 0.17175937096277874 minutes
2024-04-29 14:57:43,127:INFO:SubProcess create_model() called ==================================
2024-04-29 14:57:43,137:INFO:Initializing create_model()
2024-04-29 14:57:43,137:INFO:create_model(self=<pycaret.regression.oop.RegressionExperiment object at 0x00000204260F6710>, estimator=huber, fold=KFold(n_splits=10, random_state=None, shuffle=False), round=4, cross_validation=True, predict=True, fit_kwargs={}, groups=None, refit=False, probability_threshold=None, experiment_custom_tags=None, verbose=False, system=False, add_to_model_list=True, metrics=None, display=<pycaret.internal.display.display.CommonDisplay object at 0x0000020426A4D990>, model_only=True, return_train_score=False, error_score=0.0, kwargs={})
2024-04-29 14:57:43,137:INFO:Checking exceptions
2024-04-29 14:57:43,137:INFO:Importing libraries
2024-04-29 14:57:43,137:INFO:Copying training dataset
2024-04-29 14:57:43,137:INFO:Defining folds
2024-04-29 14:57:43,137:INFO:Declaring metric variables
2024-04-29 14:57:43,152:INFO:Importing untrained model
2024-04-29 14:57:43,163:INFO:Huber Regressor Imported successfully
2024-04-29 14:57:43,182:INFO:Starting cross validation
2024-04-29 14:57:43,185:INFO:Cross validating with KFold(n_splits=10, random_state=None, shuffle=False), n_jobs=-1
2024-04-29 14:57:43,375:WARNING:C:\Users\crist\AppData\Local\Packages\PythonSoftwareFoundation.Python.3.10_qbz5n2kfra8p0\LocalCache\local-packages\Python310\site-packages\sklearn\linear_model\_huber.py:342: ConvergenceWarning: lbfgs failed to converge (status=1):
STOP: TOTAL NO. of ITERATIONS REACHED LIMIT.

Increase the number of iterations (max_iter) or scale the data as shown in:
    https://scikit-learn.org/stable/modules/preprocessing.html
  self.n_iter_ = _check_optimize_result("lbfgs", opt_res, self.max_iter)

2024-04-29 14:57:43,375:WARNING:C:\Users\crist\AppData\Local\Packages\PythonSoftwareFoundation.Python.3.10_qbz5n2kfra8p0\LocalCache\local-packages\Python310\site-packages\sklearn\linear_model\_huber.py:342: ConvergenceWarning: lbfgs failed to converge (status=1):
STOP: TOTAL NO. of ITERATIONS REACHED LIMIT.

Increase the number of iterations (max_iter) or scale the data as shown in:
    https://scikit-learn.org/stable/modules/preprocessing.html
  self.n_iter_ = _check_optimize_result("lbfgs", opt_res, self.max_iter)

2024-04-29 14:57:43,375:WARNING:C:\Users\crist\AppData\Local\Packages\PythonSoftwareFoundation.Python.3.10_qbz5n2kfra8p0\LocalCache\local-packages\Python310\site-packages\sklearn\linear_model\_huber.py:342: ConvergenceWarning: lbfgs failed to converge (status=1):
STOP: TOTAL NO. of ITERATIONS REACHED LIMIT.

Increase the number of iterations (max_iter) or scale the data as shown in:
    https://scikit-learn.org/stable/modules/preprocessing.html
  self.n_iter_ = _check_optimize_result("lbfgs", opt_res, self.max_iter)

2024-04-29 14:57:43,381:WARNING:C:\Users\crist\AppData\Local\Packages\PythonSoftwareFoundation.Python.3.10_qbz5n2kfra8p0\LocalCache\local-packages\Python310\site-packages\sklearn\linear_model\_huber.py:342: ConvergenceWarning: lbfgs failed to converge (status=1):
STOP: TOTAL NO. of ITERATIONS REACHED LIMIT.

Increase the number of iterations (max_iter) or scale the data as shown in:
    https://scikit-learn.org/stable/modules/preprocessing.html
  self.n_iter_ = _check_optimize_result("lbfgs", opt_res, self.max_iter)

2024-04-29 14:57:43,394:WARNING:C:\Users\crist\AppData\Local\Packages\PythonSoftwareFoundation.Python.3.10_qbz5n2kfra8p0\LocalCache\local-packages\Python310\site-packages\sklearn\linear_model\_huber.py:342: ConvergenceWarning: lbfgs failed to converge (status=1):
STOP: TOTAL NO. of ITERATIONS REACHED LIMIT.

Increase the number of iterations (max_iter) or scale the data as shown in:
    https://scikit-learn.org/stable/modules/preprocessing.html
  self.n_iter_ = _check_optimize_result("lbfgs", opt_res, self.max_iter)

2024-04-29 14:57:43,416:WARNING:C:\Users\crist\AppData\Local\Packages\PythonSoftwareFoundation.Python.3.10_qbz5n2kfra8p0\LocalCache\local-packages\Python310\site-packages\sklearn\linear_model\_huber.py:342: ConvergenceWarning: lbfgs failed to converge (status=1):
STOP: TOTAL NO. of ITERATIONS REACHED LIMIT.

Increase the number of iterations (max_iter) or scale the data as shown in:
    https://scikit-learn.org/stable/modules/preprocessing.html
  self.n_iter_ = _check_optimize_result("lbfgs", opt_res, self.max_iter)

2024-04-29 14:57:43,489:WARNING:C:\Users\crist\AppData\Local\Packages\PythonSoftwareFoundation.Python.3.10_qbz5n2kfra8p0\LocalCache\local-packages\Python310\site-packages\sklearn\linear_model\_huber.py:342: ConvergenceWarning: lbfgs failed to converge (status=1):
STOP: TOTAL NO. of ITERATIONS REACHED LIMIT.

Increase the number of iterations (max_iter) or scale the data as shown in:
    https://scikit-learn.org/stable/modules/preprocessing.html
  self.n_iter_ = _check_optimize_result("lbfgs", opt_res, self.max_iter)

2024-04-29 14:57:43,489:WARNING:C:\Users\crist\AppData\Local\Packages\PythonSoftwareFoundation.Python.3.10_qbz5n2kfra8p0\LocalCache\local-packages\Python310\site-packages\sklearn\linear_model\_huber.py:342: ConvergenceWarning: lbfgs failed to converge (status=1):
STOP: TOTAL NO. of ITERATIONS REACHED LIMIT.

Increase the number of iterations (max_iter) or scale the data as shown in:
    https://scikit-learn.org/stable/modules/preprocessing.html
  self.n_iter_ = _check_optimize_result("lbfgs", opt_res, self.max_iter)

2024-04-29 14:57:43,516:WARNING:C:\Users\crist\AppData\Local\Packages\PythonSoftwareFoundation.Python.3.10_qbz5n2kfra8p0\LocalCache\local-packages\Python310\site-packages\sklearn\linear_model\_huber.py:342: ConvergenceWarning: lbfgs failed to converge (status=1):
STOP: TOTAL NO. of ITERATIONS REACHED LIMIT.

Increase the number of iterations (max_iter) or scale the data as shown in:
    https://scikit-learn.org/stable/modules/preprocessing.html
  self.n_iter_ = _check_optimize_result("lbfgs", opt_res, self.max_iter)

2024-04-29 14:57:43,543:INFO:Calculating mean and std
2024-04-29 14:57:43,543:INFO:Creating metrics dataframe
2024-04-29 14:57:43,555:INFO:Uploading results into container
2024-04-29 14:57:43,555:INFO:Uploading model into container now
2024-04-29 14:57:43,555:INFO:_master_model_container: 10
2024-04-29 14:57:43,555:INFO:_display_container: 2
2024-04-29 14:57:43,555:INFO:HuberRegressor()
2024-04-29 14:57:43,555:INFO:create_model() successfully completed......................................
2024-04-29 14:57:43,768:INFO:SubProcess create_model() end ==================================
2024-04-29 14:57:43,768:INFO:Creating metrics dataframe
2024-04-29 14:57:43,795:INFO:Initializing K Neighbors Regressor
2024-04-29 14:57:43,796:INFO:Total runtime is 0.18290385007858279 minutes
2024-04-29 14:57:43,796:INFO:SubProcess create_model() called ==================================
2024-04-29 14:57:43,796:INFO:Initializing create_model()
2024-04-29 14:57:43,796:INFO:create_model(self=<pycaret.regression.oop.RegressionExperiment object at 0x00000204260F6710>, estimator=knn, fold=KFold(n_splits=10, random_state=None, shuffle=False), round=4, cross_validation=True, predict=True, fit_kwargs={}, groups=None, refit=False, probability_threshold=None, experiment_custom_tags=None, verbose=False, system=False, add_to_model_list=True, metrics=None, display=<pycaret.internal.display.display.CommonDisplay object at 0x0000020426A4D990>, model_only=True, return_train_score=False, error_score=0.0, kwargs={})
2024-04-29 14:57:43,796:INFO:Checking exceptions
2024-04-29 14:57:43,796:INFO:Importing libraries
2024-04-29 14:57:43,796:INFO:Copying training dataset
2024-04-29 14:57:43,796:INFO:Defining folds
2024-04-29 14:57:43,796:INFO:Declaring metric variables
2024-04-29 14:57:43,810:INFO:Importing untrained model
2024-04-29 14:57:43,810:INFO:K Neighbors Regressor Imported successfully
2024-04-29 14:57:43,835:INFO:Starting cross validation
2024-04-29 14:57:43,835:INFO:Cross validating with KFold(n_splits=10, random_state=None, shuffle=False), n_jobs=-1
2024-04-29 14:57:44,234:INFO:Calculating mean and std
2024-04-29 14:57:44,234:INFO:Creating metrics dataframe
2024-04-29 14:57:44,241:INFO:Uploading results into container
2024-04-29 14:57:44,242:INFO:Uploading model into container now
2024-04-29 14:57:44,243:INFO:_master_model_container: 11
2024-04-29 14:57:44,243:INFO:_display_container: 2
2024-04-29 14:57:44,245:INFO:KNeighborsRegressor(n_jobs=-1)
2024-04-29 14:57:44,245:INFO:create_model() successfully completed......................................
2024-04-29 14:57:44,418:INFO:SubProcess create_model() end ==================================
2024-04-29 14:57:44,418:INFO:Creating metrics dataframe
2024-04-29 14:57:44,437:INFO:Initializing Decision Tree Regressor
2024-04-29 14:57:44,437:INFO:Total runtime is 0.1935879707336426 minutes
2024-04-29 14:57:44,437:INFO:SubProcess create_model() called ==================================
2024-04-29 14:57:44,443:INFO:Initializing create_model()
2024-04-29 14:57:44,443:INFO:create_model(self=<pycaret.regression.oop.RegressionExperiment object at 0x00000204260F6710>, estimator=dt, fold=KFold(n_splits=10, random_state=None, shuffle=False), round=4, cross_validation=True, predict=True, fit_kwargs={}, groups=None, refit=False, probability_threshold=None, experiment_custom_tags=None, verbose=False, system=False, add_to_model_list=True, metrics=None, display=<pycaret.internal.display.display.CommonDisplay object at 0x0000020426A4D990>, model_only=True, return_train_score=False, error_score=0.0, kwargs={})
2024-04-29 14:57:44,443:INFO:Checking exceptions
2024-04-29 14:57:44,443:INFO:Importing libraries
2024-04-29 14:57:44,443:INFO:Copying training dataset
2024-04-29 14:57:44,443:INFO:Defining folds
2024-04-29 14:57:44,443:INFO:Declaring metric variables
2024-04-29 14:57:44,443:INFO:Importing untrained model
2024-04-29 14:57:44,459:INFO:Decision Tree Regressor Imported successfully
2024-04-29 14:57:44,464:INFO:Starting cross validation
2024-04-29 14:57:44,464:INFO:Cross validating with KFold(n_splits=10, random_state=None, shuffle=False), n_jobs=-1
2024-04-29 14:57:44,664:INFO:Calculating mean and std
2024-04-29 14:57:44,669:INFO:Creating metrics dataframe
2024-04-29 14:57:44,669:INFO:Uploading results into container
2024-04-29 14:57:44,675:INFO:Uploading model into container now
2024-04-29 14:57:44,676:INFO:_master_model_container: 12
2024-04-29 14:57:44,676:INFO:_display_container: 2
2024-04-29 14:57:44,677:INFO:DecisionTreeRegressor(random_state=3765)
2024-04-29 14:57:44,677:INFO:create_model() successfully completed......................................
2024-04-29 14:57:44,856:INFO:SubProcess create_model() end ==================================
2024-04-29 14:57:44,856:INFO:Creating metrics dataframe
2024-04-29 14:57:44,892:INFO:Initializing Random Forest Regressor
2024-04-29 14:57:44,892:INFO:Total runtime is 0.20118076006571453 minutes
2024-04-29 14:57:44,908:INFO:SubProcess create_model() called ==================================
2024-04-29 14:57:44,910:INFO:Initializing create_model()
2024-04-29 14:57:44,910:INFO:create_model(self=<pycaret.regression.oop.RegressionExperiment object at 0x00000204260F6710>, estimator=rf, fold=KFold(n_splits=10, random_state=None, shuffle=False), round=4, cross_validation=True, predict=True, fit_kwargs={}, groups=None, refit=False, probability_threshold=None, experiment_custom_tags=None, verbose=False, system=False, add_to_model_list=True, metrics=None, display=<pycaret.internal.display.display.CommonDisplay object at 0x0000020426A4D990>, model_only=True, return_train_score=False, error_score=0.0, kwargs={})
2024-04-29 14:57:44,910:INFO:Checking exceptions
2024-04-29 14:57:44,910:INFO:Importing libraries
2024-04-29 14:57:44,910:INFO:Copying training dataset
2024-04-29 14:57:44,910:INFO:Defining folds
2024-04-29 14:57:44,910:INFO:Declaring metric variables
2024-04-29 14:57:44,931:INFO:Importing untrained model
2024-04-29 14:57:44,942:INFO:Random Forest Regressor Imported successfully
2024-04-29 14:57:44,956:INFO:Starting cross validation
2024-04-29 14:57:44,958:INFO:Cross validating with KFold(n_splits=10, random_state=None, shuffle=False), n_jobs=-1
2024-04-29 14:57:45,566:INFO:Calculating mean and std
2024-04-29 14:57:45,566:INFO:Creating metrics dataframe
2024-04-29 14:57:45,573:INFO:Uploading results into container
2024-04-29 14:57:45,573:INFO:Uploading model into container now
2024-04-29 14:57:45,573:INFO:_master_model_container: 13
2024-04-29 14:57:45,573:INFO:_display_container: 2
2024-04-29 14:57:45,577:INFO:RandomForestRegressor(n_jobs=-1, random_state=3765)
2024-04-29 14:57:45,577:INFO:create_model() successfully completed......................................
2024-04-29 14:57:45,717:INFO:SubProcess create_model() end ==================================
2024-04-29 14:57:45,717:INFO:Creating metrics dataframe
2024-04-29 14:57:45,742:INFO:Initializing Extra Trees Regressor
2024-04-29 14:57:45,742:INFO:Total runtime is 0.2153489391009013 minutes
2024-04-29 14:57:45,749:INFO:SubProcess create_model() called ==================================
2024-04-29 14:57:45,749:INFO:Initializing create_model()
2024-04-29 14:57:45,749:INFO:create_model(self=<pycaret.regression.oop.RegressionExperiment object at 0x00000204260F6710>, estimator=et, fold=KFold(n_splits=10, random_state=None, shuffle=False), round=4, cross_validation=True, predict=True, fit_kwargs={}, groups=None, refit=False, probability_threshold=None, experiment_custom_tags=None, verbose=False, system=False, add_to_model_list=True, metrics=None, display=<pycaret.internal.display.display.CommonDisplay object at 0x0000020426A4D990>, model_only=True, return_train_score=False, error_score=0.0, kwargs={})
2024-04-29 14:57:45,749:INFO:Checking exceptions
2024-04-29 14:57:45,749:INFO:Importing libraries
2024-04-29 14:57:45,749:INFO:Copying training dataset
2024-04-29 14:57:45,758:INFO:Defining folds
2024-04-29 14:57:45,765:INFO:Declaring metric variables
2024-04-29 14:57:45,765:INFO:Importing untrained model
2024-04-29 14:57:45,777:INFO:Extra Trees Regressor Imported successfully
2024-04-29 14:57:45,777:INFO:Starting cross validation
2024-04-29 14:57:45,788:INFO:Cross validating with KFold(n_splits=10, random_state=None, shuffle=False), n_jobs=-1
2024-04-29 14:57:46,274:INFO:Calculating mean and std
2024-04-29 14:57:46,282:INFO:Creating metrics dataframe
2024-04-29 14:57:46,286:INFO:Uploading results into container
2024-04-29 14:57:46,286:INFO:Uploading model into container now
2024-04-29 14:57:46,286:INFO:_master_model_container: 14
2024-04-29 14:57:46,286:INFO:_display_container: 2
2024-04-29 14:57:46,286:INFO:ExtraTreesRegressor(n_jobs=-1, random_state=3765)
2024-04-29 14:57:46,286:INFO:create_model() successfully completed......................................
2024-04-29 14:57:46,448:INFO:SubProcess create_model() end ==================================
2024-04-29 14:57:46,448:INFO:Creating metrics dataframe
2024-04-29 14:57:46,456:INFO:Initializing AdaBoost Regressor
2024-04-29 14:57:46,456:INFO:Total runtime is 0.22724499305089316 minutes
2024-04-29 14:57:46,468:INFO:SubProcess create_model() called ==================================
2024-04-29 14:57:46,468:INFO:Initializing create_model()
2024-04-29 14:57:46,468:INFO:create_model(self=<pycaret.regression.oop.RegressionExperiment object at 0x00000204260F6710>, estimator=ada, fold=KFold(n_splits=10, random_state=None, shuffle=False), round=4, cross_validation=True, predict=True, fit_kwargs={}, groups=None, refit=False, probability_threshold=None, experiment_custom_tags=None, verbose=False, system=False, add_to_model_list=True, metrics=None, display=<pycaret.internal.display.display.CommonDisplay object at 0x0000020426A4D990>, model_only=True, return_train_score=False, error_score=0.0, kwargs={})
2024-04-29 14:57:46,468:INFO:Checking exceptions
2024-04-29 14:57:46,468:INFO:Importing libraries
2024-04-29 14:57:46,468:INFO:Copying training dataset
2024-04-29 14:57:46,474:INFO:Defining folds
2024-04-29 14:57:46,474:INFO:Declaring metric variables
2024-04-29 14:57:46,474:INFO:Importing untrained model
2024-04-29 14:57:46,474:INFO:AdaBoost Regressor Imported successfully
2024-04-29 14:57:46,493:INFO:Starting cross validation
2024-04-29 14:57:46,493:INFO:Cross validating with KFold(n_splits=10, random_state=None, shuffle=False), n_jobs=-1
2024-04-29 14:57:46,876:INFO:Calculating mean and std
2024-04-29 14:57:46,876:INFO:Creating metrics dataframe
2024-04-29 14:57:46,876:INFO:Uploading results into container
2024-04-29 14:57:46,876:INFO:Uploading model into container now
2024-04-29 14:57:46,884:INFO:_master_model_container: 15
2024-04-29 14:57:46,884:INFO:_display_container: 2
2024-04-29 14:57:46,885:INFO:AdaBoostRegressor(random_state=3765)
2024-04-29 14:57:46,885:INFO:create_model() successfully completed......................................
2024-04-29 14:57:47,024:INFO:SubProcess create_model() end ==================================
2024-04-29 14:57:47,024:INFO:Creating metrics dataframe
2024-04-29 14:57:47,047:INFO:Initializing Gradient Boosting Regressor
2024-04-29 14:57:47,047:INFO:Total runtime is 0.23709533611933392 minutes
2024-04-29 14:57:47,055:INFO:SubProcess create_model() called ==================================
2024-04-29 14:57:47,055:INFO:Initializing create_model()
2024-04-29 14:57:47,055:INFO:create_model(self=<pycaret.regression.oop.RegressionExperiment object at 0x00000204260F6710>, estimator=gbr, fold=KFold(n_splits=10, random_state=None, shuffle=False), round=4, cross_validation=True, predict=True, fit_kwargs={}, groups=None, refit=False, probability_threshold=None, experiment_custom_tags=None, verbose=False, system=False, add_to_model_list=True, metrics=None, display=<pycaret.internal.display.display.CommonDisplay object at 0x0000020426A4D990>, model_only=True, return_train_score=False, error_score=0.0, kwargs={})
2024-04-29 14:57:47,055:INFO:Checking exceptions
2024-04-29 14:57:47,055:INFO:Importing libraries
2024-04-29 14:57:47,055:INFO:Copying training dataset
2024-04-29 14:57:47,063:INFO:Defining folds
2024-04-29 14:57:47,063:INFO:Declaring metric variables
2024-04-29 14:57:47,068:INFO:Importing untrained model
2024-04-29 14:57:47,076:INFO:Gradient Boosting Regressor Imported successfully
2024-04-29 14:57:47,083:INFO:Starting cross validation
2024-04-29 14:57:47,087:INFO:Cross validating with KFold(n_splits=10, random_state=None, shuffle=False), n_jobs=-1
2024-04-29 14:57:47,485:INFO:Calculating mean and std
2024-04-29 14:57:47,486:INFO:Creating metrics dataframe
2024-04-29 14:57:47,486:INFO:Uploading results into container
2024-04-29 14:57:47,486:INFO:Uploading model into container now
2024-04-29 14:57:47,486:INFO:_master_model_container: 16
2024-04-29 14:57:47,486:INFO:_display_container: 2
2024-04-29 14:57:47,486:INFO:GradientBoostingRegressor(random_state=3765)
2024-04-29 14:57:47,486:INFO:create_model() successfully completed......................................
2024-04-29 14:57:47,635:INFO:SubProcess create_model() end ==================================
2024-04-29 14:57:47,635:INFO:Creating metrics dataframe
2024-04-29 14:57:47,652:INFO:Initializing Extreme Gradient Boosting
2024-04-29 14:57:47,652:INFO:Total runtime is 0.24718363285064698 minutes
2024-04-29 14:57:47,659:INFO:SubProcess create_model() called ==================================
2024-04-29 14:57:47,659:INFO:Initializing create_model()
2024-04-29 14:57:47,659:INFO:create_model(self=<pycaret.regression.oop.RegressionExperiment object at 0x00000204260F6710>, estimator=xgboost, fold=KFold(n_splits=10, random_state=None, shuffle=False), round=4, cross_validation=True, predict=True, fit_kwargs={}, groups=None, refit=False, probability_threshold=None, experiment_custom_tags=None, verbose=False, system=False, add_to_model_list=True, metrics=None, display=<pycaret.internal.display.display.CommonDisplay object at 0x0000020426A4D990>, model_only=True, return_train_score=False, error_score=0.0, kwargs={})
2024-04-29 14:57:47,659:INFO:Checking exceptions
2024-04-29 14:57:47,659:INFO:Importing libraries
2024-04-29 14:57:47,659:INFO:Copying training dataset
2024-04-29 14:57:47,659:INFO:Defining folds
2024-04-29 14:57:47,659:INFO:Declaring metric variables
2024-04-29 14:57:47,669:INFO:Importing untrained model
2024-04-29 14:57:47,675:INFO:Extreme Gradient Boosting Imported successfully
2024-04-29 14:57:47,683:INFO:Starting cross validation
2024-04-29 14:57:47,683:INFO:Cross validating with KFold(n_splits=10, random_state=None, shuffle=False), n_jobs=-1
2024-04-29 14:57:48,852:INFO:Calculating mean and std
2024-04-29 14:57:48,852:INFO:Creating metrics dataframe
2024-04-29 14:57:48,855:INFO:Uploading results into container
2024-04-29 14:57:48,863:INFO:Uploading model into container now
2024-04-29 14:57:48,863:INFO:_master_model_container: 17
2024-04-29 14:57:48,863:INFO:_display_container: 2
2024-04-29 14:57:48,863:INFO:XGBRegressor(base_score=None, booster='gbtree', callbacks=None,
             colsample_bylevel=None, colsample_bynode=None,
             colsample_bytree=None, early_stopping_rounds=None,
             enable_categorical=False, eval_metric=None, feature_types=None,
             gamma=None, gpu_id=None, grow_policy=None, importance_type=None,
             interaction_constraints=None, learning_rate=None, max_bin=None,
             max_cat_threshold=None, max_cat_to_onehot=None,
             max_delta_step=None, max_depth=None, max_leaves=None,
             min_child_weight=None, missing=nan, monotone_constraints=None,
             n_estimators=100, n_jobs=-1, num_parallel_tree=None,
             predictor=None, random_state=3765, ...)
2024-04-29 14:57:48,863:INFO:create_model() successfully completed......................................
2024-04-29 14:57:49,027:INFO:SubProcess create_model() end ==================================
2024-04-29 14:57:49,027:INFO:Creating metrics dataframe
2024-04-29 14:57:49,054:INFO:Initializing Light Gradient Boosting Machine
2024-04-29 14:57:49,054:INFO:Total runtime is 0.2705467184384664 minutes
2024-04-29 14:57:49,063:INFO:SubProcess create_model() called ==================================
2024-04-29 14:57:49,063:INFO:Initializing create_model()
2024-04-29 14:57:49,063:INFO:create_model(self=<pycaret.regression.oop.RegressionExperiment object at 0x00000204260F6710>, estimator=lightgbm, fold=KFold(n_splits=10, random_state=None, shuffle=False), round=4, cross_validation=True, predict=True, fit_kwargs={}, groups=None, refit=False, probability_threshold=None, experiment_custom_tags=None, verbose=False, system=False, add_to_model_list=True, metrics=None, display=<pycaret.internal.display.display.CommonDisplay object at 0x0000020426A4D990>, model_only=True, return_train_score=False, error_score=0.0, kwargs={})
2024-04-29 14:57:49,063:INFO:Checking exceptions
2024-04-29 14:57:49,063:INFO:Importing libraries
2024-04-29 14:57:49,063:INFO:Copying training dataset
2024-04-29 14:57:49,072:INFO:Defining folds
2024-04-29 14:57:49,072:INFO:Declaring metric variables
2024-04-29 14:57:49,072:INFO:Importing untrained model
2024-04-29 14:57:49,086:INFO:Light Gradient Boosting Machine Imported successfully
2024-04-29 14:57:49,086:INFO:Starting cross validation
2024-04-29 14:57:49,086:INFO:Cross validating with KFold(n_splits=10, random_state=None, shuffle=False), n_jobs=-1
2024-04-29 14:57:49,861:INFO:Calculating mean and std
2024-04-29 14:57:49,861:INFO:Creating metrics dataframe
2024-04-29 14:57:49,876:INFO:Uploading results into container
2024-04-29 14:57:49,876:INFO:Uploading model into container now
2024-04-29 14:57:49,876:INFO:_master_model_container: 18
2024-04-29 14:57:49,876:INFO:_display_container: 2
2024-04-29 14:57:49,876:INFO:LGBMRegressor(n_jobs=-1, random_state=3765)
2024-04-29 14:57:49,876:INFO:create_model() successfully completed......................................
2024-04-29 14:57:50,066:INFO:SubProcess create_model() end ==================================
2024-04-29 14:57:50,066:INFO:Creating metrics dataframe
2024-04-29 14:57:50,092:INFO:Initializing Dummy Regressor
2024-04-29 14:57:50,092:INFO:Total runtime is 0.28785077333450315 minutes
2024-04-29 14:57:50,108:INFO:SubProcess create_model() called ==================================
2024-04-29 14:57:50,108:INFO:Initializing create_model()
2024-04-29 14:57:50,108:INFO:create_model(self=<pycaret.regression.oop.RegressionExperiment object at 0x00000204260F6710>, estimator=dummy, fold=KFold(n_splits=10, random_state=None, shuffle=False), round=4, cross_validation=True, predict=True, fit_kwargs={}, groups=None, refit=False, probability_threshold=None, experiment_custom_tags=None, verbose=False, system=False, add_to_model_list=True, metrics=None, display=<pycaret.internal.display.display.CommonDisplay object at 0x0000020426A4D990>, model_only=True, return_train_score=False, error_score=0.0, kwargs={})
2024-04-29 14:57:50,108:INFO:Checking exceptions
2024-04-29 14:57:50,108:INFO:Importing libraries
2024-04-29 14:57:50,108:INFO:Copying training dataset
2024-04-29 14:57:50,125:INFO:Defining folds
2024-04-29 14:57:50,125:INFO:Declaring metric variables
2024-04-29 14:57:50,128:INFO:Importing untrained model
2024-04-29 14:57:50,132:INFO:Dummy Regressor Imported successfully
2024-04-29 14:57:50,148:INFO:Starting cross validation
2024-04-29 14:57:50,148:INFO:Cross validating with KFold(n_splits=10, random_state=None, shuffle=False), n_jobs=-1
2024-04-29 14:57:50,361:INFO:Calculating mean and std
2024-04-29 14:57:50,361:INFO:Creating metrics dataframe
2024-04-29 14:57:50,361:INFO:Uploading results into container
2024-04-29 14:57:50,369:INFO:Uploading model into container now
2024-04-29 14:57:50,369:INFO:_master_model_container: 19
2024-04-29 14:57:50,369:INFO:_display_container: 2
2024-04-29 14:57:50,369:INFO:DummyRegressor()
2024-04-29 14:57:50,369:INFO:create_model() successfully completed......................................
2024-04-29 14:57:50,535:INFO:SubProcess create_model() end ==================================
2024-04-29 14:57:50,535:INFO:Creating metrics dataframe
2024-04-29 14:57:50,554:INFO:Initializing create_model()
2024-04-29 14:57:50,554:INFO:create_model(self=<pycaret.regression.oop.RegressionExperiment object at 0x00000204260F6710>, estimator=RandomForestRegressor(n_jobs=-1, random_state=3765), fold=KFold(n_splits=10, random_state=None, shuffle=False), round=4, cross_validation=False, predict=False, fit_kwargs={}, groups=None, refit=True, probability_threshold=None, experiment_custom_tags=None, verbose=False, system=False, add_to_model_list=True, metrics=None, display=None, model_only=True, return_train_score=False, error_score=0.0, kwargs={})
2024-04-29 14:57:50,554:INFO:Checking exceptions
2024-04-29 14:57:50,566:INFO:Importing libraries
2024-04-29 14:57:50,566:INFO:Copying training dataset
2024-04-29 14:57:50,570:INFO:Defining folds
2024-04-29 14:57:50,570:INFO:Declaring metric variables
2024-04-29 14:57:50,570:INFO:Importing untrained model
2024-04-29 14:57:50,570:INFO:Declaring custom model
2024-04-29 14:57:50,571:INFO:Random Forest Regressor Imported successfully
2024-04-29 14:57:50,571:INFO:Cross validation set to False
2024-04-29 14:57:50,571:INFO:Fitting Model
2024-04-29 14:57:50,733:INFO:RandomForestRegressor(n_jobs=-1, random_state=3765)
2024-04-29 14:57:50,733:INFO:create_model() successfully completed......................................
2024-04-29 14:57:50,936:INFO:_master_model_container: 19
2024-04-29 14:57:50,936:INFO:_display_container: 2
2024-04-29 14:57:50,936:INFO:RandomForestRegressor(n_jobs=-1, random_state=3765)
2024-04-29 14:57:50,936:INFO:compare_models() successfully completed......................................
2024-04-29 15:02:07,984:INFO:Initializing create_model()
2024-04-29 15:02:07,984:INFO:create_model(self=<pycaret.regression.oop.RegressionExperiment object at 0x00000204260F6710>, estimator=rf, fold=None, round=4, cross_validation=True, predict=True, fit_kwargs=None, groups=None, refit=True, probability_threshold=None, experiment_custom_tags=None, verbose=True, system=True, add_to_model_list=True, metrics=None, display=None, model_only=True, return_train_score=False, error_score=0.0, kwargs={})
2024-04-29 15:02:07,984:INFO:Checking exceptions
2024-04-29 15:02:08,259:INFO:Importing libraries
2024-04-29 15:02:08,265:INFO:Copying training dataset
2024-04-29 15:02:08,296:INFO:Defining folds
2024-04-29 15:02:08,300:INFO:Declaring metric variables
2024-04-29 15:02:08,305:INFO:Importing untrained model
2024-04-29 15:02:08,329:INFO:Random Forest Regressor Imported successfully
2024-04-29 15:02:08,346:INFO:Starting cross validation
2024-04-29 15:02:08,379:INFO:Cross validating with KFold(n_splits=10, random_state=None, shuffle=False), n_jobs=-1
2024-04-29 15:02:10,309:INFO:Calculating mean and std
2024-04-29 15:02:10,315:INFO:Creating metrics dataframe
2024-04-29 15:02:10,349:INFO:Finalizing model
2024-04-29 15:02:14,686:INFO:Uploading results into container
2024-04-29 15:02:14,686:INFO:Uploading model into container now
2024-04-29 15:02:14,715:INFO:_master_model_container: 20
2024-04-29 15:02:14,715:INFO:_display_container: 3
2024-04-29 15:02:14,715:INFO:RandomForestRegressor(n_jobs=-1, random_state=3765)
2024-04-29 15:02:14,715:INFO:create_model() successfully completed......................................
2024-04-29 15:05:49,174:INFO:Initializing plot_model()
2024-04-29 15:05:49,174:INFO:plot_model(plot=residual, fold=None, verbose=True, display=None, display_format=None, estimator=RandomForestRegressor(n_jobs=-1, random_state=3765), feature_name=None, fit_kwargs=None, groups=None, label=False, plot_kwargs=None, save=False, scale=1, self=<pycaret.regression.oop.RegressionExperiment object at 0x00000204260F6710>, system=True)
2024-04-29 15:05:49,174:INFO:Checking exceptions
2024-04-29 15:06:36,753:INFO:Initializing plot_model()
2024-04-29 15:06:36,753:INFO:plot_model(plot=error, fold=None, verbose=True, display=None, display_format=None, estimator=RandomForestRegressor(n_jobs=-1, random_state=3765), feature_name=None, fit_kwargs=None, groups=None, label=False, plot_kwargs=None, save=False, scale=1, self=<pycaret.regression.oop.RegressionExperiment object at 0x00000204260F6710>, system=True)
2024-04-29 15:06:36,760:INFO:Checking exceptions
2024-04-29 15:06:36,792:INFO:Preloading libraries
2024-04-29 15:06:36,805:INFO:Copying training dataset
2024-04-29 15:06:36,805:INFO:Plot type: error
2024-04-29 15:06:37,152:INFO:Fitting Model
2024-04-29 15:06:37,179:WARNING:C:\Users\crist\AppData\Local\Packages\PythonSoftwareFoundation.Python.3.10_qbz5n2kfra8p0\LocalCache\local-packages\Python310\site-packages\sklearn\base.py:493: UserWarning: X does not have valid feature names, but RandomForestRegressor was fitted with feature names
  warnings.warn(

2024-04-29 15:06:37,179:INFO:Scoring test/hold-out set
2024-04-29 15:06:37,842:INFO:Visual Rendered Successfully
2024-04-29 15:06:38,034:INFO:plot_model() successfully completed......................................
2024-04-29 15:07:28,467:INFO:Initializing plot_model()
2024-04-29 15:07:28,467:INFO:plot_model(plot=learning, fold=None, verbose=True, display=None, display_format=None, estimator=RandomForestRegressor(n_jobs=-1, random_state=3765), feature_name=None, fit_kwargs=None, groups=None, label=False, plot_kwargs=None, save=False, scale=1, self=<pycaret.regression.oop.RegressionExperiment object at 0x00000204260F6710>, system=True)
2024-04-29 15:07:28,467:INFO:Checking exceptions
2024-04-29 15:07:28,514:INFO:Preloading libraries
2024-04-29 15:07:28,522:INFO:Copying training dataset
2024-04-29 15:07:28,522:INFO:Plot type: learning
2024-04-29 15:07:28,831:INFO:Fitting Model
2024-04-29 15:07:38,629:INFO:Visual Rendered Successfully
2024-04-29 15:07:38,828:INFO:plot_model() successfully completed......................................
2024-04-29 15:08:15,803:INFO:Initializing plot_model()
2024-04-29 15:08:15,803:INFO:plot_model(plot=tree, fold=None, verbose=True, display=None, display_format=None, estimator=RandomForestRegressor(n_jobs=-1, random_state=3765), feature_name=None, fit_kwargs=None, groups=None, label=False, plot_kwargs=None, save=False, scale=1, self=<pycaret.regression.oop.RegressionExperiment object at 0x00000204260F6710>, system=True)
2024-04-29 15:08:15,803:INFO:Checking exceptions
2024-04-29 15:08:15,836:INFO:Preloading libraries
2024-04-29 15:08:15,850:INFO:Copying training dataset
2024-04-29 15:08:15,850:INFO:Plot type: tree
2024-04-29 15:08:17,725:INFO:Plotting decision trees
2024-04-29 15:08:17,775:INFO:Plotting tree 0
2024-04-29 15:08:19,867:INFO:Plotting tree 1
2024-04-29 15:08:20,941:INFO:Plotting tree 2
2024-04-29 15:08:22,114:INFO:Plotting tree 3
2024-04-29 15:08:22,993:INFO:Plotting tree 4
2024-04-29 15:08:23,740:INFO:Plotting tree 5
2024-04-29 15:08:24,694:INFO:Plotting tree 6
2024-04-29 15:08:26,089:INFO:Plotting tree 7
2024-04-29 15:08:26,955:INFO:Plotting tree 8
2024-04-29 15:08:27,718:INFO:Plotting tree 9
2024-04-29 15:08:28,454:INFO:Plotting tree 10
2024-04-29 15:08:29,274:INFO:Plotting tree 11
2024-04-29 15:08:30,004:INFO:Plotting tree 12
2024-04-29 15:08:30,823:INFO:Plotting tree 13
2024-04-29 15:08:31,678:INFO:Plotting tree 14
2024-04-29 15:08:32,527:INFO:Plotting tree 15
2024-04-29 15:08:33,375:INFO:Plotting tree 16
2024-04-29 15:08:34,087:INFO:Plotting tree 17
2024-04-29 15:08:34,836:INFO:Plotting tree 18
2024-04-29 15:08:35,585:INFO:Plotting tree 19
2024-04-29 15:08:36,767:INFO:Plotting tree 20
2024-04-29 15:08:37,667:INFO:Plotting tree 21
2024-04-29 15:08:38,465:INFO:Plotting tree 22
2024-04-29 15:08:39,296:INFO:Plotting tree 23
2024-04-29 15:08:40,129:INFO:Plotting tree 24
2024-04-29 15:08:41,088:INFO:Plotting tree 25
2024-04-29 15:08:41,996:INFO:Plotting tree 26
2024-04-29 15:08:42,931:INFO:Plotting tree 27
2024-04-29 15:08:43,973:INFO:Plotting tree 28
2024-04-29 15:08:44,748:INFO:Plotting tree 29
2024-04-29 15:08:45,595:INFO:Plotting tree 30
2024-04-29 15:08:46,460:INFO:Plotting tree 31
2024-04-29 15:08:47,376:INFO:Plotting tree 32
2024-04-29 15:08:48,406:INFO:Plotting tree 33
2024-04-29 15:08:49,743:INFO:Plotting tree 34
2024-04-29 15:08:50,580:INFO:Plotting tree 35
2024-04-29 15:08:51,422:INFO:Plotting tree 36
2024-04-29 15:08:52,286:INFO:Plotting tree 37
2024-04-29 15:08:53,185:INFO:Plotting tree 38
2024-04-29 15:08:53,931:INFO:Plotting tree 39
2024-04-29 15:08:54,786:INFO:Plotting tree 40
2024-04-29 15:08:55,650:INFO:Plotting tree 41
2024-04-29 15:08:56,432:INFO:Plotting tree 42
2024-04-29 15:08:57,302:INFO:Plotting tree 43
2024-04-29 15:08:58,304:INFO:Plotting tree 44
2024-04-29 15:08:59,483:INFO:Plotting tree 45
2024-04-29 15:09:00,351:INFO:Plotting tree 46
2024-04-29 15:09:01,195:INFO:Plotting tree 47
2024-04-29 15:09:01,936:INFO:Plotting tree 48
2024-04-29 15:09:02,749:INFO:Plotting tree 49
2024-04-29 15:09:04,042:INFO:Plotting tree 50
2024-04-29 15:09:06,534:INFO:Plotting tree 51
2024-04-29 15:09:08,322:INFO:Plotting tree 52
2024-04-29 15:09:10,197:INFO:Plotting tree 53
2024-04-29 15:09:11,975:INFO:Plotting tree 54
2024-04-29 15:09:13,901:INFO:Plotting tree 55
2024-04-29 15:09:15,770:INFO:Plotting tree 56
2024-04-29 15:09:17,610:INFO:Plotting tree 57
2024-04-29 15:09:19,621:INFO:Plotting tree 58
2024-04-29 15:09:21,475:INFO:Plotting tree 59
2024-04-29 15:09:23,512:INFO:Plotting tree 60
2024-04-29 15:09:25,422:INFO:Plotting tree 61
2024-04-29 15:09:27,368:INFO:Plotting tree 62
2024-04-29 15:09:29,652:INFO:Plotting tree 63
2024-04-29 15:09:31,960:INFO:Plotting tree 64
2024-04-29 15:09:33,614:INFO:Plotting tree 65
